<?xml version="1.0" encoding="UTF-8"?>
<robot generator="Robot 7.3.1 (Python 3.12.0 on win32)" generated="2025-06-20T13:14:21.451373" rpa="false" schemaversion="5">
<suite id="s1" name="Test" source="D:\test.robot">
<test id="s1-t1" name="Login" line="5">
<kw name="Open Browser" owner="SeleniumLibrary">
<msg time="2025-06-20T13:14:22.316671" level="INFO">Opening browser 'Firefox' to base url 'http://localhost:5173/'.</msg>
<msg time="2025-06-20T13:14:48.375795" level="INFO" html="true">&lt;/td&gt;&lt;/tr&gt;&lt;tr&gt;&lt;td colspan="3"&gt;&lt;a href="selenium-screenshot-1.png"&gt;&lt;img src="selenium-screenshot-1.png" width="800px"&gt;&lt;/a&gt;</msg>
<msg time="2025-06-20T13:14:48.376802" level="FAIL">WebDriverException: Message: Reached error page: about:neterror?e=connectionFailure&amp;u=http%3A//localhost%3A5173/&amp;c=UTF-8&amp;d=Firefox%20can%E2%80%99t%20establish%20a%20connection%20to%20the%20server%20at%20localhost%3A5173.
Stacktrace:
RemoteError@chrome://remote/content/shared/RemoteError.sys.mjs:8:8
WebDriverError@chrome://remote/content/shared/webdriver/Errors.sys.mjs:199:5
UnknownError@chrome://remote/content/shared/webdriver/Errors.sys.mjs:910:5
checkReadyState@chrome://remote/content/marionette/navigate.sys.mjs:58:24
onNavigation@chrome://remote/content/marionette/navigate.sys.mjs:347:39
emit@resource://gre/modules/EventEmitter.sys.mjs:156:19
receiveMessage@chrome://remote/content/marionette/actors/MarionetteEventsParent.sys.mjs:33:25
</msg>
<arg>http://localhost:5173/</arg>
<arg>Firefox</arg>
<doc>Opens a new browser instance to the optional ``url``.</doc>
<status status="FAIL" start="2025-06-20T13:14:22.315650" elapsed="26.072303">WebDriverException: Message: Reached error page: about:neterror?e=connectionFailure&amp;u=http%3A//localhost%3A5173/&amp;c=UTF-8&amp;d=Firefox%20can%E2%80%99t%20establish%20a%20connection%20to%20the%20server%20at%20localhost%3A5173.
Stacktrace:
RemoteError@chrome://remote/content/shared/RemoteError.sys.mjs:8:8
WebDriverError@chrome://remote/content/shared/webdriver/Errors.sys.mjs:199:5
UnknownError@chrome://remote/content/shared/webdriver/Errors.sys.mjs:910:5
checkReadyState@chrome://remote/content/marionette/navigate.sys.mjs:58:24
onNavigation@chrome://remote/content/marionette/navigate.sys.mjs:347:39
emit@resource://gre/modules/EventEmitter.sys.mjs:156:19
receiveMessage@chrome://remote/content/marionette/actors/MarionetteEventsParent.sys.mjs:33:25
</status>
</kw>
<kw name="Click Button" owner="SeleniumLibrary">
<arg>id=login</arg>
<doc>Clicks the button identified by ``locator``.</doc>
<status status="NOT RUN" start="2025-06-20T13:14:48.387953" elapsed="0.001386"/>
</kw>
<status status="FAIL" start="2025-06-20T13:14:22.311685" elapsed="26.078161">WebDriverException: Message: Reached error page: about:neterror?e=connectionFailure&amp;u=http%3A//localhost%3A5173/&amp;c=UTF-8&amp;d=Firefox%20can%E2%80%99t%20establish%20a%20connection%20to%20the%20server%20at%20localhost%3A5173.
Stacktrace:
RemoteError@chrome://remote/content/shared/RemoteError.sys.mjs:8:8
WebDriverError@chrome://remote/content/shared/webdriver/Errors.sys.mjs:199:5
UnknownError@chrome://remote/content/shared/webdriver/Errors.sys.mjs:910:5
checkReadyState@chrome://remote/content/marionette/navigate.sys.mjs:58:24
onNavigation@chrome://remote/content/marionette/navigate.sys.mjs:347:39
emit@resource://gre/modules/EventEmitter.sys.mjs:156:19
receiveMessage@chrome://remote/content/marionette/actors/MarionetteEventsParent.sys.mjs:33:25
</status>
</test>
<status status="FAIL" start="2025-06-20T13:14:21.474446" elapsed="26.916409"/>
</suite>
<statistics>
<total>
<stat pass="0" fail="1" skip="0">All Tests</stat>
</total>
<tag>
</tag>
<suite>
<stat name="Test" id="s1" pass="0" fail="1" skip="0">Test</stat>
</suite>
</statistics>
<errors>
</errors>
</robot>
